<?xml version="1.0" encoding="UTF-8"?>
<testng-results ignored="0" total="1" passed="1" failed="0" skipped="0">
  <reporter-output>
  </reporter-output>
  <suite started-at="2023-03-23T16:29:56 IST" name="Default suite" finished-at="2023-03-23T16:30:13 IST" duration-ms="16186">
    <groups>
    </groups>
    <test started-at="2023-03-23T16:29:56 IST" name="Default test" finished-at="2023-03-23T16:30:13 IST" duration-ms="16186">
      <class name="dmsdemo.Test.ProjectsTest">
        <test-method is-config="true" signature="LoginPage()[pri:0, instance:dmsdemo.Test.ProjectsTest@6399551e]" started-at="2023-03-23T16:29:57 IST" name="LoginPage" finished-at="2023-03-23T16:30:04 IST" duration-ms="6620" status="PASS">
          <reporter-output>
          </reporter-output>
        </test-method> <!-- LoginPage -->
        <test-method signature="addProjects(java.lang.String,java.lang.String,java.lang.String,java.lang.String,java.lang.String,java.lang.String,java.lang.String)[pri:1, instance:dmsdemo.Test.ProjectsTest@6399551e]" started-at="2023-03-23T16:30:04 IST" name="addProjects" data-provider="data" finished-at="2023-03-23T16:30:12 IST" duration-ms="8563" status="PASS">
          <params>
            <param index="0">
              <value>
                <![CDATA[karthikm@datamatica.uk]]>
              </value>
            </param>
            <param index="1">
              <value>
                <![CDATA[Dm@12345]]>
              </value>
            </param>
            <param index="2">
              <value>
                <![CDATA[proj111]]>
              </value>
            </param>
            <param index="3">
              <value>
                <![CDATA[Dev]]>
              </value>
            </param>
            <param index="4">
              <value>
                <![CDATA[QA]]>
              </value>
            </param>
            <param index="5">
              <value>
                <![CDATA[testuser1]]>
              </value>
            </param>
            <param index="6">
              <value>
                <![CDATA[folder1]]>
              </value>
            </param>
          </params>
          <reporter-output>
          </reporter-output>
        </test-method> <!-- addProjects -->
        <test-method is-config="true" signature="tearDown()[pri:0, instance:dmsdemo.Test.ProjectsTest@6399551e]" started-at="2023-03-23T16:30:12 IST" name="tearDown" finished-at="2023-03-23T16:30:13 IST" duration-ms="212" status="PASS">
          <reporter-output>
          </reporter-output>
        </test-method> <!-- tearDown -->
      </class> <!-- dmsdemo.Test.ProjectsTest -->
    </test> <!-- Default test -->
  </suite> <!-- Default suite -->
</testng-results>
